C:\USERS\ANDREW DE LEON\DOCUMENTS\CSIS PROGRAMMING\VISUAL STUDIO 2012\PROJECTS\PROJECT8\PROJECT8\PROJECT8\DEBUG\PROJECT8.OBJ
C:\USERS\ANDREW DE LEON\DOCUMENTS\CSIS PROGRAMMING\VISUAL STUDIO 2012\PROJECTS\PROJECT8\PROJECT8\PROJECT8\DEBUG\VC110.PDB
C:\USERS\ANDREW DE LEON\DOCUMENTS\CSIS PROGRAMMING\VISUAL STUDIO 2012\PROJECTS\PROJECT8\PROJECT8\DEBUG\PROJECT8.ILK
C:\USERS\ANDREW DE LEON\DOCUMENTS\CSIS PROGRAMMING\VISUAL STUDIO 2012\PROJECTS\PROJECT8\PROJECT8\DEBUG\PROJECT8.EXE
C:\USERS\ANDREW DE LEON\DOCUMENTS\CSIS PROGRAMMING\VISUAL STUDIO 2012\PROJECTS\PROJECT8\PROJECT8\DEBUG\PROJECT8.PDB
C:\Users\Andrew De Leon\Documents\CSIS Programming\Visual Studio 2012\Projects\Project8\Project8\Project8\Debug\Project8.obj
C:\Users\Andrew De Leon\Documents\CSIS Programming\Visual Studio 2012\Projects\Project8\Project8\Project8\Debug\cl.command.1.tlog
C:\Users\Andrew De Leon\Documents\CSIS Programming\Visual Studio 2012\Projects\Project8\Project8\Project8\Debug\CL.read.1.tlog
C:\Users\Andrew De Leon\Documents\CSIS Programming\Visual Studio 2012\Projects\Project8\Project8\Project8\Debug\CL.write.1.tlog
C:\Users\Andrew De Leon\Documents\CSIS Programming\Visual Studio 2012\Projects\Project8\Project8\Project8\Debug\link-cvtres.read.1.tlog
C:\Users\Andrew De Leon\Documents\CSIS Programming\Visual Studio 2012\Projects\Project8\Project8\Project8\Debug\link-cvtres.write.1.tlog
C:\Users\Andrew De Leon\Documents\CSIS Programming\Visual Studio 2012\Projects\Project8\Project8\Project8\Debug\link-rc.read.1.tlog
C:\Users\Andrew De Leon\Documents\CSIS Programming\Visual Studio 2012\Projects\Project8\Project8\Project8\Debug\link-rc.write.1.tlog
C:\Users\Andrew De Leon\Documents\CSIS Programming\Visual Studio 2012\Projects\Project8\Project8\Project8\Debug\link.command.1.tlog
C:\Users\Andrew De Leon\Documents\CSIS Programming\Visual Studio 2012\Projects\Project8\Project8\Project8\Debug\link.read.1.tlog
C:\Users\Andrew De Leon\Documents\CSIS Programming\Visual Studio 2012\Projects\Project8\Project8\Project8\Debug\link.write.1.tlog
C:\Users\Andrew De Leon\Documents\CSIS Programming\Visual Studio 2012\Projects\Project8\Project8\Project8\Debug\vc110.idb
C:\Users\Andrew De Leon\Documents\CSIS Programming\Visual Studio 2012\Projects\Project8\Project8\Project8\Debug\vc110.pdb
C:\Users\Andrew De Leon\Documents\CSIS Programming\Visual Studio 2012\Projects\Project8\Project8\Debug\Project8.pdb
C:\Users\Andrew De Leon\Documents\CSIS Programming\Visual Studio 2012\Projects\Project8\Project8\Debug\Project8.exe
C:\Users\Andrew De Leon\Documents\CSIS Programming\Visual Studio 2012\Projects\Project8\Project8\Debug\Project8.ilk
