C:\USERS\ANDREW DE LEON\DOCUMENTS\CSIS PROGRAMMING\VISUAL STUDIO 2012\PROJECTS\PROJECT6\PROJECT6\PROJECT6\DEBUG\PROJECT6.OBJ
C:\USERS\ANDREW DE LEON\DOCUMENTS\CSIS PROGRAMMING\VISUAL STUDIO 2012\PROJECTS\PROJECT6\PROJECT6\PROJECT6\DEBUG\VC110.PDB
C:\USERS\ANDREW DE LEON\DOCUMENTS\CSIS PROGRAMMING\VISUAL STUDIO 2012\PROJECTS\PROJECT6\PROJECT6\DEBUG\PROJECT6.ILK
C:\USERS\ANDREW DE LEON\DOCUMENTS\CSIS PROGRAMMING\VISUAL STUDIO 2012\PROJECTS\PROJECT6\PROJECT6\DEBUG\PROJECT6.EXE
C:\USERS\ANDREW DE LEON\DOCUMENTS\CSIS PROGRAMMING\VISUAL STUDIO 2012\PROJECTS\PROJECT6\PROJECT6\DEBUG\PROJECT6.PDB
C:\Users\Andrew De Leon\Documents\CSIS Programming\Visual Studio 2012\Projects\Project6\Project6\Project6\Debug\Project6.obj
C:\Users\Andrew De Leon\Documents\CSIS Programming\Visual Studio 2012\Projects\Project6\Project6\Project6\Debug\cl.command.1.tlog
C:\Users\Andrew De Leon\Documents\CSIS Programming\Visual Studio 2012\Projects\Project6\Project6\Project6\Debug\CL.read.1.tlog
C:\Users\Andrew De Leon\Documents\CSIS Programming\Visual Studio 2012\Projects\Project6\Project6\Project6\Debug\CL.write.1.tlog
C:\Users\Andrew De Leon\Documents\CSIS Programming\Visual Studio 2012\Projects\Project6\Project6\Project6\Debug\link-cvtres.read.1.tlog
C:\Users\Andrew De Leon\Documents\CSIS Programming\Visual Studio 2012\Projects\Project6\Project6\Project6\Debug\link-cvtres.write.1.tlog
C:\Users\Andrew De Leon\Documents\CSIS Programming\Visual Studio 2012\Projects\Project6\Project6\Project6\Debug\link-rc.read.1.tlog
C:\Users\Andrew De Leon\Documents\CSIS Programming\Visual Studio 2012\Projects\Project6\Project6\Project6\Debug\link-rc.write.1.tlog
C:\Users\Andrew De Leon\Documents\CSIS Programming\Visual Studio 2012\Projects\Project6\Project6\Project6\Debug\link.4584-cvtres.read.1.tlog
C:\Users\Andrew De Leon\Documents\CSIS Programming\Visual Studio 2012\Projects\Project6\Project6\Project6\Debug\link.4584-cvtres.write.1.tlog
C:\Users\Andrew De Leon\Documents\CSIS Programming\Visual Studio 2012\Projects\Project6\Project6\Project6\Debug\link.4584-rc.read.1.tlog
C:\Users\Andrew De Leon\Documents\CSIS Programming\Visual Studio 2012\Projects\Project6\Project6\Project6\Debug\link.4584-rc.write.1.tlog
C:\Users\Andrew De Leon\Documents\CSIS Programming\Visual Studio 2012\Projects\Project6\Project6\Project6\Debug\link.4584.read.1.tlog
C:\Users\Andrew De Leon\Documents\CSIS Programming\Visual Studio 2012\Projects\Project6\Project6\Project6\Debug\link.4584.write.1.tlog
C:\Users\Andrew De Leon\Documents\CSIS Programming\Visual Studio 2012\Projects\Project6\Project6\Project6\Debug\link.command.1.tlog
C:\Users\Andrew De Leon\Documents\CSIS Programming\Visual Studio 2012\Projects\Project6\Project6\Project6\Debug\link.read.1.tlog
C:\Users\Andrew De Leon\Documents\CSIS Programming\Visual Studio 2012\Projects\Project6\Project6\Project6\Debug\link.write.1.tlog
C:\Users\Andrew De Leon\Documents\CSIS Programming\Visual Studio 2012\Projects\Project6\Project6\Project6\Debug\vc110.idb
C:\Users\Andrew De Leon\Documents\CSIS Programming\Visual Studio 2012\Projects\Project6\Project6\Project6\Debug\vc110.pdb
C:\Users\Andrew De Leon\Documents\CSIS Programming\Visual Studio 2012\Projects\Project6\Project6\Debug\Project6.pdb
C:\Users\Andrew De Leon\Documents\CSIS Programming\Visual Studio 2012\Projects\Project6\Project6\Debug\Project6.exe
C:\Users\Andrew De Leon\Documents\CSIS Programming\Visual Studio 2012\Projects\Project6\Project6\Debug\Project6.ilk
